[02-Nov-2024 21:19:10 UTC] WordPress database error <div style="clear:both">&nbsp;</div>
<div class="queries" style="clear:both;margin-bottom:2px;border:red dotted thin;">
<p>MySQL query:</p>
<p>SHOW FULL TABLES</p>
<p>Queries made or created this session were:</p>
<ol>
<li>Executing: BEGIN | (no parameters)</li>
<li>Executing: ROLLBACK | (no parameters)</li>
</ol>
</div>
<div style="clear:both;margin-bottom:2px;border:red dotted thin;" class="error_message" style="border-bottom:dotted blue thin;">
Error occurred at line 4117 in Function <code>handle_error</code>. Error message was: Unknown show type: FULL TABLES.
</div>
<p>Backtrace:</p>
<pre>#0 /internal/shared/sqlite-database-integration/wp-includes/sqlite/class-wp-sqlite-db.php(287): WP_SQLite_Translator->get_error_message()
#1 /wordpress/wp-includes/class-wpdb.php(3): WP_SQLite_DB->query('SHOW FULL TABLE...')
#2 /wordpress/wp-content/plugins/wp-migrate-db/class/Common/Sql/Table.php(1906): wpdb->get_results('SHOW FULL TABLE...', 'ARRAY_N')
#3 /wordpress/wp-content/plugins/wp-migrate-db/class/Common/Migration/MigrationHelper.php(91): DeliciousBrains\WPMDB\Common\Sql\Table->get_tables()
#4 /wordpress/wp-content/plugins/wp-migrate-db/class/Common/Plugin/PluginManagerBase.php(305): DeliciousBrains\WPMDB\Common\Migration\MigrationHelper->siteDetails()
#5 /wordpress/wp-includes/class-wp-hook.php(3): DeliciousBrains\WPMDB\Common\Plugin\PluginManagerBase->admin_head_connection_info('')
#6 /wordpress/wp-includes/class-wp-hook.php(3): WP_Hook->apply_filters('', Array)
#7 /wordpress/wp-includes/plugin.php(2): WP_Hook->do_action(Array)
#8 /wordpress/wp-admin/admin-header.php(17): do_action('admin_head-tool...')
#9 /wordpress/wp-admin/admin.php(2): require_once('/wordpress/wp-a...')
#10 /wordpress/wp-admin/tools.php(2): require_once('/wordpress/wp-a...')
#11 {main}</pre>
 for query SHOW FULL TABLES made by require_once('wp-admin/admin.php'), require_once('wp-admin/admin-header.php'), do_action('admin_head-tools_page_wp-migrate-db'), WP_Hook->do_action, WP_Hook->apply_filters, DeliciousBrains\WPMDB\Common\Plugin\PluginManagerBase->admin_head_connection_info, DeliciousBrains\WPMDB\Common\Migration\MigrationHelper->siteDetails, DeliciousBrains\WPMDB\Common\Sql\Table->get_tables, WP_SQLite_DB->query, WP_SQLite_DB->print_error
[02-Nov-2024 21:19:10 UTC] WordPress database error <div style="clear:both">&nbsp;</div>
<div class="queries" style="clear:both;margin-bottom:2px;border:red dotted thin;">
<p>MySQL query:</p>
<p>SHOW FULL TABLES</p>
<p>Queries made or created this session were:</p>
<ol>
<li>Executing: BEGIN | (no parameters)</li>
<li>Executing: ROLLBACK | (no parameters)</li>
</ol>
</div>
<div style="clear:both;margin-bottom:2px;border:red dotted thin;" class="error_message" style="border-bottom:dotted blue thin;">
Error occurred at line 4117 in Function <code>handle_error</code>. Error message was: Unknown show type: FULL TABLES.
</div>
<p>Backtrace:</p>
<pre>#0 /internal/shared/sqlite-database-integration/wp-includes/sqlite/class-wp-sqlite-db.php(287): WP_SQLite_Translator->get_error_message()
#1 /wordpress/wp-includes/class-wpdb.php(3): WP_SQLite_DB->query('SHOW FULL TABLE...')
#2 /wordpress/wp-content/plugins/wp-migrate-db/class/Common/Sql/Table.php(1906): wpdb->get_results('SHOW FULL TABLE...', 'ARRAY_N')
#3 /wordpress/wp-content/plugins/wp-migrate-db/class/Common/Migration/MigrationHelper.php(92): DeliciousBrains\WPMDB\Common\Sql\Table->get_tables('prefix')
#4 /wordpress/wp-content/plugins/wp-migrate-db/class/Common/Plugin/PluginManagerBase.php(305): DeliciousBrains\WPMDB\Common\Migration\MigrationHelper->siteDetails()
#5 /wordpress/wp-includes/class-wp-hook.php(3): DeliciousBrains\WPMDB\Common\Plugin\PluginManagerBase->admin_head_connection_info('')
#6 /wordpress/wp-includes/class-wp-hook.php(3): WP_Hook->apply_filters('', Array)
#7 /wordpress/wp-includes/plugin.php(2): WP_Hook->do_action(Array)
#8 /wordpress/wp-admin/admin-header.php(17): do_action('admin_head-tool...')
#9 /wordpress/wp-admin/admin.php(2): require_once('/wordpress/wp-a...')
#10 /wordpress/wp-admin/tools.php(2): require_once('/wordpress/wp-a...')
#11 {main}</pre>
 for query SHOW FULL TABLES made by require_once('wp-admin/admin.php'), require_once('wp-admin/admin-header.php'), do_action('admin_head-tools_page_wp-migrate-db'), WP_Hook->do_action, WP_Hook->apply_filters, DeliciousBrains\WPMDB\Common\Plugin\PluginManagerBase->admin_head_connection_info, DeliciousBrains\WPMDB\Common\Migration\MigrationHelper->siteDetails, DeliciousBrains\WPMDB\Common\Sql\Table->get_tables, WP_SQLite_DB->query, WP_SQLite_DB->print_error
[02-Nov-2024 21:19:10 UTC] PHP Warning:  Undefined array key "table" in /wordpress/wp-content/plugins/wp-migrate-db/class/Common/Sql/Table.php on line 224
[02-Nov-2024 21:19:10 UTC] PHP Warning:  Undefined array key "table" in /wordpress/wp-content/plugins/wp-migrate-db/class/Common/Sql/Table.php on line 227
[02-Nov-2024 21:19:10 UTC] PHP Warning:  Undefined array key "size" in /wordpress/wp-content/plugins/wp-migrate-db/class/Common/Sql/Table.php on line 227
[02-Nov-2024 21:19:10 UTC] PHP Warning:  Undefined array key "table" in /wordpress/wp-content/plugins/wp-migrate-db/class/Common/Sql/Table.php on line 224
[02-Nov-2024 21:19:10 UTC] PHP Warning:  Undefined array key "table" in /wordpress/wp-content/plugins/wp-migrate-db/class/Common/Sql/Table.php on line 227
[02-Nov-2024 21:19:10 UTC] PHP Warning:  Undefined array key "size" in /wordpress/wp-content/plugins/wp-migrate-db/class/Common/Sql/Table.php on line 227
[02-Nov-2024 21:19:10 UTC] PHP Warning:  Undefined array key "table" in /wordpress/wp-content/plugins/wp-migrate-db/class/Common/Sql/Table.php on line 224
[02-Nov-2024 21:19:10 UTC] PHP Warning:  Undefined array key "table" in /wordpress/wp-content/plugins/wp-migrate-db/class/Common/Sql/Table.php on line 227
[02-Nov-2024 21:19:10 UTC] PHP Warning:  Undefined array key "size" in /wordpress/wp-content/plugins/wp-migrate-db/class/Common/Sql/Table.php on line 227
[02-Nov-2024 21:19:10 UTC] PHP Warning:  Undefined array key "table" in /wordpress/wp-content/plugins/wp-migrate-db/class/Common/Sql/Table.php on line 224
[02-Nov-2024 21:19:10 UTC] PHP Warning:  Undefined array key "table" in /wordpress/wp-content/plugins/wp-migrate-db/class/Common/Sql/Table.php on line 227
[02-Nov-2024 21:19:10 UTC] PHP Warning:  Undefined array key "size" in /wordpress/wp-content/plugins/wp-migrate-db/class/Common/Sql/Table.php on line 227
[02-Nov-2024 21:19:10 UTC] PHP Warning:  Undefined array key "table" in /wordpress/wp-content/plugins/wp-migrate-db/class/Common/Sql/Table.php on line 224
[02-Nov-2024 21:19:10 UTC] PHP Warning:  Undefined array key "table" in /wordpress/wp-content/plugins/wp-migrate-db/class/Common/Sql/Table.php on line 227
[02-Nov-2024 21:19:10 UTC] PHP Warning:  Undefined array key "size" in /wordpress/wp-content/plugins/wp-migrate-db/class/Common/Sql/Table.php on line 227
[02-Nov-2024 21:19:10 UTC] PHP Warning:  Undefined array key "table" in /wordpress/wp-content/plugins/wp-migrate-db/class/Common/Sql/Table.php on line 224
[02-Nov-2024 21:19:10 UTC] PHP Warning:  Undefined array key "table" in /wordpress/wp-content/plugins/wp-migrate-db/class/Common/Sql/Table.php on line 227
[02-Nov-2024 21:19:10 UTC] PHP Warning:  Undefined array key "size" in /wordpress/wp-content/plugins/wp-migrate-db/class/Common/Sql/Table.php on line 227
[02-Nov-2024 21:19:10 UTC] PHP Warning:  Undefined array key "table" in /wordpress/wp-content/plugins/wp-migrate-db/class/Common/Sql/Table.php on line 224
[02-Nov-2024 21:19:10 UTC] PHP Warning:  Undefined array key "table" in /wordpress/wp-content/plugins/wp-migrate-db/class/Common/Sql/Table.php on line 227
[02-Nov-2024 21:19:10 UTC] PHP Warning:  Undefined array key "size" in /wordpress/wp-content/plugins/wp-migrate-db/class/Common/Sql/Table.php on line 227
[02-Nov-2024 21:19:10 UTC] PHP Warning:  Undefined array key "table" in /wordpress/wp-content/plugins/wp-migrate-db/class/Common/Sql/Table.php on line 224
[02-Nov-2024 21:19:10 UTC] PHP Warning:  Undefined array key "table" in /wordpress/wp-content/plugins/wp-migrate-db/class/Common/Sql/Table.php on line 227
[02-Nov-2024 21:19:10 UTC] PHP Warning:  Undefined array key "size" in /wordpress/wp-content/plugins/wp-migrate-db/class/Common/Sql/Table.php on line 227
[02-Nov-2024 21:19:10 UTC] PHP Warning:  Undefined array key "table" in /wordpress/wp-content/plugins/wp-migrate-db/class/Common/Sql/Table.php on line 224
[02-Nov-2024 21:19:10 UTC] PHP Warning:  Undefined array key "table" in /wordpress/wp-content/plugins/wp-migrate-db/class/Common/Sql/Table.php on line 227
[02-Nov-2024 21:19:10 UTC] PHP Warning:  Undefined array key "size" in /wordpress/wp-content/plugins/wp-migrate-db/class/Common/Sql/Table.php on line 227
[02-Nov-2024 21:19:10 UTC] PHP Warning:  Undefined array key "table" in /wordpress/wp-content/plugins/wp-migrate-db/class/Common/Sql/Table.php on line 224
[02-Nov-2024 21:19:10 UTC] PHP Warning:  Undefined array key "table" in /wordpress/wp-content/plugins/wp-migrate-db/class/Common/Sql/Table.php on line 227
[02-Nov-2024 21:19:10 UTC] PHP Warning:  Undefined array key "size" in /wordpress/wp-content/plugins/wp-migrate-db/class/Common/Sql/Table.php on line 227
[02-Nov-2024 21:19:10 UTC] PHP Warning:  Undefined array key "table" in /wordpress/wp-content/plugins/wp-migrate-db/class/Common/Sql/Table.php on line 224
[02-Nov-2024 21:19:10 UTC] PHP Warning:  Undefined array key "table" in /wordpress/wp-content/plugins/wp-migrate-db/class/Common/Sql/Table.php on line 227
[02-Nov-2024 21:19:10 UTC] PHP Warning:  Undefined array key "size" in /wordpress/wp-content/plugins/wp-migrate-db/class/Common/Sql/Table.php on line 227
[02-Nov-2024 21:19:10 UTC] PHP Warning:  Undefined array key "table" in /wordpress/wp-content/plugins/wp-migrate-db/class/Common/Sql/Table.php on line 224
[02-Nov-2024 21:19:10 UTC] PHP Warning:  Undefined array key "table" in /wordpress/wp-content/plugins/wp-migrate-db/class/Common/Sql/Table.php on line 227
[02-Nov-2024 21:19:10 UTC] PHP Warning:  Undefined array key "size" in /wordpress/wp-content/plugins/wp-migrate-db/class/Common/Sql/Table.php on line 227
[02-Nov-2024 21:19:10 UTC] PHP Warning:  Undefined array key "table" in /wordpress/wp-content/plugins/wp-migrate-db/class/Common/Sql/Table.php on line 224
[02-Nov-2024 21:19:10 UTC] PHP Warning:  Undefined array key "table" in /wordpress/wp-content/plugins/wp-migrate-db/class/Common/Sql/Table.php on line 227
[02-Nov-2024 21:19:10 UTC] PHP Warning:  Undefined array key "size" in /wordpress/wp-content/plugins/wp-migrate-db/class/Common/Sql/Table.php on line 227
[02-Nov-2024 21:19:10 UTC] PHP Warning:  Undefined array key "TABLE_NAME" in /wordpress/wp-content/plugins/wp-migrate-db/class/Common/Sql/Table.php on line 269
[02-Nov-2024 21:19:10 UTC] PHP Warning:  Undefined array key "TABLE_NAME" in /wordpress/wp-content/plugins/wp-migrate-db/class/Common/Sql/Table.php on line 272
[02-Nov-2024 21:19:10 UTC] PHP Warning:  Undefined array key "TABLE_ROWS" in /wordpress/wp-content/plugins/wp-migrate-db/class/Common/Sql/Table.php on line 272
[02-Nov-2024 21:19:10 UTC] PHP Warning:  Undefined array key "TABLE_NAME" in /wordpress/wp-content/plugins/wp-migrate-db/class/Common/Sql/Table.php on line 269
[02-Nov-2024 21:19:10 UTC] PHP Warning:  Undefined array key "TABLE_NAME" in /wordpress/wp-content/plugins/wp-migrate-db/class/Common/Sql/Table.php on line 272
[02-Nov-2024 21:19:10 UTC] PHP Warning:  Undefined array key "TABLE_ROWS" in /wordpress/wp-content/plugins/wp-migrate-db/class/Common/Sql/Table.php on line 272
[02-Nov-2024 21:19:10 UTC] PHP Warning:  Undefined array key "TABLE_NAME" in /wordpress/wp-content/plugins/wp-migrate-db/class/Common/Sql/Table.php on line 269
[02-Nov-2024 21:19:10 UTC] PHP Warning:  Undefined array key "TABLE_NAME" in /wordpress/wp-content/plugins/wp-migrate-db/class/Common/Sql/Table.php on line 272
[02-Nov-2024 21:19:10 UTC] PHP Warning:  Undefined array key "TABLE_ROWS" in /wordpress/wp-content/plugins/wp-migrate-db/class/Common/Sql/Table.php on line 272
[02-Nov-2024 21:19:10 UTC] PHP Warning:  Undefined array key "TABLE_NAME" in /wordpress/wp-content/plugins/wp-migrate-db/class/Common/Sql/Table.php on line 269
[02-Nov-2024 21:19:10 UTC] PHP Warning:  Undefined array key "TABLE_NAME" in /wordpress/wp-content/plugins/wp-migrate-db/class/Common/Sql/Table.php on line 272
[02-Nov-2024 21:19:10 UTC] PHP Warning:  Undefined array key "TABLE_ROWS" in /wordpress/wp-content/plugins/wp-migrate-db/class/Common/Sql/Table.php on line 272
[02-Nov-2024 21:19:10 UTC] PHP Warning:  Undefined array key "TABLE_NAME" in /wordpress/wp-content/plugins/wp-migrate-db/class/Common/Sql/Table.php on line 269
[02-Nov-2024 21:19:10 UTC] PHP Warning:  Undefined array key "TABLE_NAME" in /wordpress/wp-content/plugins/wp-migrate-db/class/Common/Sql/Table.php on line 272
[02-Nov-2024 21:19:10 UTC] PHP Warning:  Undefined array key "TABLE_ROWS" in /wordpress/wp-content/plugins/wp-migrate-db/class/Common/Sql/Table.php on line 272
[02-Nov-2024 21:19:10 UTC] PHP Warning:  Undefined array key "TABLE_NAME" in /wordpress/wp-content/plugins/wp-migrate-db/class/Common/Sql/Table.php on line 269
[02-Nov-2024 21:19:10 UTC] PHP Warning:  Undefined array key "TABLE_NAME" in /wordpress/wp-content/plugins/wp-migrate-db/class/Common/Sql/Table.php on line 272
[02-Nov-2024 21:19:10 UTC] PHP Warning:  Undefined array key "TABLE_ROWS" in /wordpress/wp-content/plugins/wp-migrate-db/class/Common/Sql/Table.php on line 272
[02-Nov-2024 21:19:10 UTC] PHP Warning:  Undefined array key "TABLE_NAME" in /wordpress/wp-content/plugins/wp-migrate-db/class/Common/Sql/Table.php on line 269
[02-Nov-2024 21:19:10 UTC] PHP Warning:  Undefined array key "TABLE_NAME" in /wordpress/wp-content/plugins/wp-migrate-db/class/Common/Sql/Table.php on line 272
[02-Nov-2024 21:19:10 UTC] PHP Warning:  Undefined array key "TABLE_ROWS" in /wordpress/wp-content/plugins/wp-migrate-db/class/Common/Sql/Table.php on line 272
[02-Nov-2024 21:19:10 UTC] PHP Warning:  Undefined array key "TABLE_NAME" in /wordpress/wp-content/plugins/wp-migrate-db/class/Common/Sql/Table.php on line 269
[02-Nov-2024 21:19:10 UTC] PHP Warning:  Undefined array key "TABLE_NAME" in /wordpress/wp-content/plugins/wp-migrate-db/class/Common/Sql/Table.php on line 272
[02-Nov-2024 21:19:10 UTC] PHP Warning:  Undefined array key "TABLE_ROWS" in /wordpress/wp-content/plugins/wp-migrate-db/class/Common/Sql/Table.php on line 272
[02-Nov-2024 21:19:10 UTC] PHP Warning:  Undefined array key "TABLE_NAME" in /wordpress/wp-content/plugins/wp-migrate-db/class/Common/Sql/Table.php on line 269
[02-Nov-2024 21:19:10 UTC] PHP Warning:  Undefined array key "TABLE_NAME" in /wordpress/wp-content/plugins/wp-migrate-db/class/Common/Sql/Table.php on line 272
[02-Nov-2024 21:19:10 UTC] PHP Warning:  Undefined array key "TABLE_ROWS" in /wordpress/wp-content/plugins/wp-migrate-db/class/Common/Sql/Table.php on line 272
[02-Nov-2024 21:19:10 UTC] PHP Warning:  Undefined array key "TABLE_NAME" in /wordpress/wp-content/plugins/wp-migrate-db/class/Common/Sql/Table.php on line 269
[02-Nov-2024 21:19:10 UTC] PHP Warning:  Undefined array key "TABLE_NAME" in /wordpress/wp-content/plugins/wp-migrate-db/class/Common/Sql/Table.php on line 272
[02-Nov-2024 21:19:10 UTC] PHP Warning:  Undefined array key "TABLE_ROWS" in /wordpress/wp-content/plugins/wp-migrate-db/class/Common/Sql/Table.php on line 272
[02-Nov-2024 21:19:10 UTC] PHP Warning:  Undefined array key "TABLE_NAME" in /wordpress/wp-content/plugins/wp-migrate-db/class/Common/Sql/Table.php on line 269
[02-Nov-2024 21:19:10 UTC] PHP Warning:  Undefined array key "TABLE_NAME" in /wordpress/wp-content/plugins/wp-migrate-db/class/Common/Sql/Table.php on line 272
[02-Nov-2024 21:19:10 UTC] PHP Warning:  Undefined array key "TABLE_ROWS" in /wordpress/wp-content/plugins/wp-migrate-db/class/Common/Sql/Table.php on line 272
[02-Nov-2024 21:19:10 UTC] PHP Warning:  Undefined array key "TABLE_NAME" in /wordpress/wp-content/plugins/wp-migrate-db/class/Common/Sql/Table.php on line 269
[02-Nov-2024 21:19:10 UTC] PHP Warning:  Undefined array key "TABLE_NAME" in /wordpress/wp-content/plugins/wp-migrate-db/class/Common/Sql/Table.php on line 272
[02-Nov-2024 21:19:10 UTC] PHP Warning:  Undefined array key "TABLE_ROWS" in /wordpress/wp-content/plugins/wp-migrate-db/class/Common/Sql/Table.php on line 272
[02-Nov-2024 21:19:10 UTC] PHP Warning:  Undefined array key "TABLE_NAME" in /wordpress/wp-content/plugins/wp-migrate-db/class/Common/Sql/Table.php on line 269
[02-Nov-2024 21:19:10 UTC] PHP Warning:  Undefined array key "TABLE_NAME" in /wordpress/wp-content/plugins/wp-migrate-db/class/Common/Sql/Table.php on line 272
[02-Nov-2024 21:19:10 UTC] PHP Warning:  Undefined array key "TABLE_ROWS" in /wordpress/wp-content/plugins/wp-migrate-db/class/Common/Sql/Table.php on line 272
[02-Nov-2024 21:19:54 UTC] WordPress database error <div style="clear:both">&nbsp;</div>
<div class="queries" style="clear:both;margin-bottom:2px;border:red dotted thin;">
<p>MySQL query:</p>
<p>SHOW FULL TABLES</p>
<p>Queries made or created this session were:</p>
<ol>
<li>Executing: BEGIN | (no parameters)</li>
<li>Executing: ROLLBACK | (no parameters)</li>
</ol>
</div>
<div style="clear:both;margin-bottom:2px;border:red dotted thin;" class="error_message" style="border-bottom:dotted blue thin;">
Error occurred at line 4117 in Function <code>handle_error</code>. Error message was: Unknown show type: FULL TABLES.
</div>
<p>Backtrace:</p>
<pre>#0 /internal/shared/sqlite-database-integration/wp-includes/sqlite/class-wp-sqlite-db.php(287): WP_SQLite_Translator->get_error_message()
#1 /wordpress/wp-includes/class-wpdb.php(3): WP_SQLite_DB->query('SHOW FULL TABLE...')
#2 /wordpress/wp-content/plugins/wp-migrate-db/class/Common/Sql/Table.php(1906): wpdb->get_results('SHOW FULL TABLE...', 'ARRAY_N')
#3 /wordpress/wp-content/plugins/wp-migrate-db/class/Common/Migration/MigrationHelper.php(91): DeliciousBrains\WPMDB\Common\Sql\Table->get_tables()
#4 /wordpress/wp-content/plugins/wp-migrate-db/class/Common/Plugin/PluginManagerBase.php(305): DeliciousBrains\WPMDB\Common\Migration\MigrationHelper->siteDetails()
#5 /wordpress/wp-includes/class-wp-hook.php(3): DeliciousBrains\WPMDB\Common\Plugin\PluginManagerBase->admin_head_connection_info('')
#6 /wordpress/wp-includes/class-wp-hook.php(3): WP_Hook->apply_filters('', Array)
#7 /wordpress/wp-includes/plugin.php(2): WP_Hook->do_action(Array)
#8 /wordpress/wp-admin/admin-header.php(17): do_action('admin_head-tool...')
#9 /wordpress/wp-admin/admin.php(2): require_once('/wordpress/wp-a...')
#10 {main}</pre>
 for query SHOW FULL TABLES made by require_once('wp-admin/admin-header.php'), do_action('admin_head-tools_page_wp-migrate-db'), WP_Hook->do_action, WP_Hook->apply_filters, DeliciousBrains\WPMDB\Common\Plugin\PluginManagerBase->admin_head_connection_info, DeliciousBrains\WPMDB\Common\Migration\MigrationHelper->siteDetails, DeliciousBrains\WPMDB\Common\Sql\Table->get_tables, WP_SQLite_DB->query, WP_SQLite_DB->print_error
[02-Nov-2024 21:19:54 UTC] WordPress database error <div style="clear:both">&nbsp;</div>
<div class="queries" style="clear:both;margin-bottom:2px;border:red dotted thin;">
<p>MySQL query:</p>
<p>SHOW FULL TABLES</p>
<p>Queries made or created this session were:</p>
<ol>
<li>Executing: BEGIN | (no parameters)</li>
<li>Executing: ROLLBACK | (no parameters)</li>
</ol>
</div>
<div style="clear:both;margin-bottom:2px;border:red dotted thin;" class="error_message" style="border-bottom:dotted blue thin;">
Error occurred at line 4117 in Function <code>handle_error</code>. Error message was: Unknown show type: FULL TABLES.
</div>
<p>Backtrace:</p>
<pre>#0 /internal/shared/sqlite-database-integration/wp-includes/sqlite/class-wp-sqlite-db.php(287): WP_SQLite_Translator->get_error_message()
#1 /wordpress/wp-includes/class-wpdb.php(3): WP_SQLite_DB->query('SHOW FULL TABLE...')
#2 /wordpress/wp-content/plugins/wp-migrate-db/class/Common/Sql/Table.php(1906): wpdb->get_results('SHOW FULL TABLE...', 'ARRAY_N')
#3 /wordpress/wp-content/plugins/wp-migrate-db/class/Common/Migration/MigrationHelper.php(92): DeliciousBrains\WPMDB\Common\Sql\Table->get_tables('prefix')
#4 /wordpress/wp-content/plugins/wp-migrate-db/class/Common/Plugin/PluginManagerBase.php(305): DeliciousBrains\WPMDB\Common\Migration\MigrationHelper->siteDetails()
#5 /wordpress/wp-includes/class-wp-hook.php(3): DeliciousBrains\WPMDB\Common\Plugin\PluginManagerBase->admin_head_connection_info('')
#6 /wordpress/wp-includes/class-wp-hook.php(3): WP_Hook->apply_filters('', Array)
#7 /wordpress/wp-includes/plugin.php(2): WP_Hook->do_action(Array)
#8 /wordpress/wp-admin/admin-header.php(17): do_action('admin_head-tool...')
#9 /wordpress/wp-admin/admin.php(2): require_once('/wordpress/wp-a...')
#10 {main}</pre>
 for query SHOW FULL TABLES made by require_once('wp-admin/admin-header.php'), do_action('admin_head-tools_page_wp-migrate-db'), WP_Hook->do_action, WP_Hook->apply_filters, DeliciousBrains\WPMDB\Common\Plugin\PluginManagerBase->admin_head_connection_info, DeliciousBrains\WPMDB\Common\Migration\MigrationHelper->siteDetails, DeliciousBrains\WPMDB\Common\Sql\Table->get_tables, WP_SQLite_DB->query, WP_SQLite_DB->print_error
[02-Nov-2024 21:19:54 UTC] PHP Warning:  Undefined array key "table" in /wordpress/wp-content/plugins/wp-migrate-db/class/Common/Sql/Table.php on line 224
[02-Nov-2024 21:19:54 UTC] PHP Warning:  Undefined array key "table" in /wordpress/wp-content/plugins/wp-migrate-db/class/Common/Sql/Table.php on line 227
[02-Nov-2024 21:19:54 UTC] PHP Warning:  Undefined array key "size" in /wordpress/wp-content/plugins/wp-migrate-db/class/Common/Sql/Table.php on line 227
[02-Nov-2024 21:19:54 UTC] PHP Warning:  Undefined array key "table" in /wordpress/wp-content/plugins/wp-migrate-db/class/Common/Sql/Table.php on line 224
[02-Nov-2024 21:19:54 UTC] PHP Warning:  Undefined array key "table" in /wordpress/wp-content/plugins/wp-migrate-db/class/Common/Sql/Table.php on line 227
[02-Nov-2024 21:19:54 UTC] PHP Warning:  Undefined array key "size" in /wordpress/wp-content/plugins/wp-migrate-db/class/Common/Sql/Table.php on line 227
[02-Nov-2024 21:19:54 UTC] PHP Warning:  Undefined array key "table" in /wordpress/wp-content/plugins/wp-migrate-db/class/Common/Sql/Table.php on line 224
[02-Nov-2024 21:19:54 UTC] PHP Warning:  Undefined array key "table" in /wordpress/wp-content/plugins/wp-migrate-db/class/Common/Sql/Table.php on line 227
[02-Nov-2024 21:19:54 UTC] PHP Warning:  Undefined array key "size" in /wordpress/wp-content/plugins/wp-migrate-db/class/Common/Sql/Table.php on line 227
[02-Nov-2024 21:19:54 UTC] PHP Warning:  Undefined array key "table" in /wordpress/wp-content/plugins/wp-migrate-db/class/Common/Sql/Table.php on line 224
[02-Nov-2024 21:19:54 UTC] PHP Warning:  Undefined array key "table" in /wordpress/wp-content/plugins/wp-migrate-db/class/Common/Sql/Table.php on line 227
[02-Nov-2024 21:19:54 UTC] PHP Warning:  Undefined array key "size" in /wordpress/wp-content/plugins/wp-migrate-db/class/Common/Sql/Table.php on line 227
[02-Nov-2024 21:19:54 UTC] PHP Warning:  Undefined array key "table" in /wordpress/wp-content/plugins/wp-migrate-db/class/Common/Sql/Table.php on line 224
[02-Nov-2024 21:19:54 UTC] PHP Warning:  Undefined array key "table" in /wordpress/wp-content/plugins/wp-migrate-db/class/Common/Sql/Table.php on line 227
[02-Nov-2024 21:19:54 UTC] PHP Warning:  Undefined array key "size" in /wordpress/wp-content/plugins/wp-migrate-db/class/Common/Sql/Table.php on line 227
[02-Nov-2024 21:19:54 UTC] PHP Warning:  Undefined array key "table" in /wordpress/wp-content/plugins/wp-migrate-db/class/Common/Sql/Table.php on line 224
[02-Nov-2024 21:19:54 UTC] PHP Warning:  Undefined array key "table" in /wordpress/wp-content/plugins/wp-migrate-db/class/Common/Sql/Table.php on line 227
[02-Nov-2024 21:19:54 UTC] PHP Warning:  Undefined array key "size" in /wordpress/wp-content/plugins/wp-migrate-db/class/Common/Sql/Table.php on line 227
[02-Nov-2024 21:19:54 UTC] PHP Warning:  Undefined array key "table" in /wordpress/wp-content/plugins/wp-migrate-db/class/Common/Sql/Table.php on line 224
[02-Nov-2024 21:19:54 UTC] PHP Warning:  Undefined array key "table" in /wordpress/wp-content/plugins/wp-migrate-db/class/Common/Sql/Table.php on line 227
[02-Nov-2024 21:19:54 UTC] PHP Warning:  Undefined array key "size" in /wordpress/wp-content/plugins/wp-migrate-db/class/Common/Sql/Table.php on line 227
[02-Nov-2024 21:19:54 UTC] PHP Warning:  Undefined array key "table" in /wordpress/wp-content/plugins/wp-migrate-db/class/Common/Sql/Table.php on line 224
[02-Nov-2024 21:19:54 UTC] PHP Warning:  Undefined array key "table" in /wordpress/wp-content/plugins/wp-migrate-db/class/Common/Sql/Table.php on line 227
[02-Nov-2024 21:19:54 UTC] PHP Warning:  Undefined array key "size" in /wordpress/wp-content/plugins/wp-migrate-db/class/Common/Sql/Table.php on line 227
[02-Nov-2024 21:19:54 UTC] PHP Warning:  Undefined array key "table" in /wordpress/wp-content/plugins/wp-migrate-db/class/Common/Sql/Table.php on line 224
[02-Nov-2024 21:19:54 UTC] PHP Warning:  Undefined array key "table" in /wordpress/wp-content/plugins/wp-migrate-db/class/Common/Sql/Table.php on line 227
[02-Nov-2024 21:19:54 UTC] PHP Warning:  Undefined array key "size" in /wordpress/wp-content/plugins/wp-migrate-db/class/Common/Sql/Table.php on line 227
[02-Nov-2024 21:19:54 UTC] PHP Warning:  Undefined array key "table" in /wordpress/wp-content/plugins/wp-migrate-db/class/Common/Sql/Table.php on line 224
[02-Nov-2024 21:19:54 UTC] PHP Warning:  Undefined array key "table" in /wordpress/wp-content/plugins/wp-migrate-db/class/Common/Sql/Table.php on line 227
[02-Nov-2024 21:19:54 UTC] PHP Warning:  Undefined array key "size" in /wordpress/wp-content/plugins/wp-migrate-db/class/Common/Sql/Table.php on line 227
[02-Nov-2024 21:19:54 UTC] PHP Warning:  Undefined array key "table" in /wordpress/wp-content/plugins/wp-migrate-db/class/Common/Sql/Table.php on line 224
[02-Nov-2024 21:19:54 UTC] PHP Warning:  Undefined array key "table" in /wordpress/wp-content/plugins/wp-migrate-db/class/Common/Sql/Table.php on line 227
[02-Nov-2024 21:19:54 UTC] PHP Warning:  Undefined array key "size" in /wordpress/wp-content/plugins/wp-migrate-db/class/Common/Sql/Table.php on line 227
[02-Nov-2024 21:19:54 UTC] PHP Warning:  Undefined array key "table" in /wordpress/wp-content/plugins/wp-migrate-db/class/Common/Sql/Table.php on line 224
[02-Nov-2024 21:19:54 UTC] PHP Warning:  Undefined array key "table" in /wordpress/wp-content/plugins/wp-migrate-db/class/Common/Sql/Table.php on line 227
[02-Nov-2024 21:19:54 UTC] PHP Warning:  Undefined array key "size" in /wordpress/wp-content/plugins/wp-migrate-db/class/Common/Sql/Table.php on line 227
[02-Nov-2024 21:19:54 UTC] PHP Warning:  Undefined array key "table" in /wordpress/wp-content/plugins/wp-migrate-db/class/Common/Sql/Table.php on line 224
[02-Nov-2024 21:19:54 UTC] PHP Warning:  Undefined array key "table" in /wordpress/wp-content/plugins/wp-migrate-db/class/Common/Sql/Table.php on line 227
[02-Nov-2024 21:19:54 UTC] PHP Warning:  Undefined array key "size" in /wordpress/wp-content/plugins/wp-migrate-db/class/Common/Sql/Table.php on line 227
[02-Nov-2024 21:19:54 UTC] PHP Warning:  Undefined array key "TABLE_NAME" in /wordpress/wp-content/plugins/wp-migrate-db/class/Common/Sql/Table.php on line 269
[02-Nov-2024 21:19:54 UTC] PHP Warning:  Undefined array key "TABLE_NAME" in /wordpress/wp-content/plugins/wp-migrate-db/class/Common/Sql/Table.php on line 272
[02-Nov-2024 21:19:54 UTC] PHP Warning:  Undefined array key "TABLE_ROWS" in /wordpress/wp-content/plugins/wp-migrate-db/class/Common/Sql/Table.php on line 272
[02-Nov-2024 21:19:54 UTC] PHP Warning:  Undefined array key "TABLE_NAME" in /wordpress/wp-content/plugins/wp-migrate-db/class/Common/Sql/Table.php on line 269
[02-Nov-2024 21:19:54 UTC] PHP Warning:  Undefined array key "TABLE_NAME" in /wordpress/wp-content/plugins/wp-migrate-db/class/Common/Sql/Table.php on line 272
[02-Nov-2024 21:19:54 UTC] PHP Warning:  Undefined array key "TABLE_ROWS" in /wordpress/wp-content/plugins/wp-migrate-db/class/Common/Sql/Table.php on line 272
[02-Nov-2024 21:19:54 UTC] PHP Warning:  Undefined array key "TABLE_NAME" in /wordpress/wp-content/plugins/wp-migrate-db/class/Common/Sql/Table.php on line 269
[02-Nov-2024 21:19:54 UTC] PHP Warning:  Undefined array key "TABLE_NAME" in /wordpress/wp-content/plugins/wp-migrate-db/class/Common/Sql/Table.php on line 272
[02-Nov-2024 21:19:54 UTC] PHP Warning:  Undefined array key "TABLE_ROWS" in /wordpress/wp-content/plugins/wp-migrate-db/class/Common/Sql/Table.php on line 272
[02-Nov-2024 21:19:54 UTC] PHP Warning:  Undefined array key "TABLE_NAME" in /wordpress/wp-content/plugins/wp-migrate-db/class/Common/Sql/Table.php on line 269
[02-Nov-2024 21:19:54 UTC] PHP Warning:  Undefined array key "TABLE_NAME" in /wordpress/wp-content/plugins/wp-migrate-db/class/Common/Sql/Table.php on line 272
[02-Nov-2024 21:19:54 UTC] PHP Warning:  Undefined array key "TABLE_ROWS" in /wordpress/wp-content/plugins/wp-migrate-db/class/Common/Sql/Table.php on line 272
[02-Nov-2024 21:19:54 UTC] PHP Warning:  Undefined array key "TABLE_NAME" in /wordpress/wp-content/plugins/wp-migrate-db/class/Common/Sql/Table.php on line 269
[02-Nov-2024 21:19:54 UTC] PHP Warning:  Undefined array key "TABLE_NAME" in /wordpress/wp-content/plugins/wp-migrate-db/class/Common/Sql/Table.php on line 272
[02-Nov-2024 21:19:54 UTC] PHP Warning:  Undefined array key "TABLE_ROWS" in /wordpress/wp-content/plugins/wp-migrate-db/class/Common/Sql/Table.php on line 272
[02-Nov-2024 21:19:54 UTC] PHP Warning:  Undefined array key "TABLE_NAME" in /wordpress/wp-content/plugins/wp-migrate-db/class/Common/Sql/Table.php on line 269
[02-Nov-2024 21:19:54 UTC] PHP Warning:  Undefined array key "TABLE_NAME" in /wordpress/wp-content/plugins/wp-migrate-db/class/Common/Sql/Table.php on line 272
[02-Nov-2024 21:19:54 UTC] PHP Warning:  Undefined array key "TABLE_ROWS" in /wordpress/wp-content/plugins/wp-migrate-db/class/Common/Sql/Table.php on line 272
[02-Nov-2024 21:19:54 UTC] PHP Warning:  Undefined array key "TABLE_NAME" in /wordpress/wp-content/plugins/wp-migrate-db/class/Common/Sql/Table.php on line 269
[02-Nov-2024 21:19:54 UTC] PHP Warning:  Undefined array key "TABLE_NAME" in /wordpress/wp-content/plugins/wp-migrate-db/class/Common/Sql/Table.php on line 272
[02-Nov-2024 21:19:54 UTC] PHP Warning:  Undefined array key "TABLE_ROWS" in /wordpress/wp-content/plugins/wp-migrate-db/class/Common/Sql/Table.php on line 272
[02-Nov-2024 21:19:54 UTC] PHP Warning:  Undefined array key "TABLE_NAME" in /wordpress/wp-content/plugins/wp-migrate-db/class/Common/Sql/Table.php on line 269
[02-Nov-2024 21:19:54 UTC] PHP Warning:  Undefined array key "TABLE_NAME" in /wordpress/wp-content/plugins/wp-migrate-db/class/Common/Sql/Table.php on line 272
[02-Nov-2024 21:19:54 UTC] PHP Warning:  Undefined array key "TABLE_ROWS" in /wordpress/wp-content/plugins/wp-migrate-db/class/Common/Sql/Table.php on line 272
[02-Nov-2024 21:19:54 UTC] PHP Warning:  Undefined array key "TABLE_NAME" in /wordpress/wp-content/plugins/wp-migrate-db/class/Common/Sql/Table.php on line 269
[02-Nov-2024 21:19:54 UTC] PHP Warning:  Undefined array key "TABLE_NAME" in /wordpress/wp-content/plugins/wp-migrate-db/class/Common/Sql/Table.php on line 272
[02-Nov-2024 21:19:54 UTC] PHP Warning:  Undefined array key "TABLE_ROWS" in /wordpress/wp-content/plugins/wp-migrate-db/class/Common/Sql/Table.php on line 272
[02-Nov-2024 21:19:54 UTC] PHP Warning:  Undefined array key "TABLE_NAME" in /wordpress/wp-content/plugins/wp-migrate-db/class/Common/Sql/Table.php on line 269
[02-Nov-2024 21:19:54 UTC] PHP Warning:  Undefined array key "TABLE_NAME" in /wordpress/wp-content/plugins/wp-migrate-db/class/Common/Sql/Table.php on line 272
[02-Nov-2024 21:19:54 UTC] PHP Warning:  Undefined array key "TABLE_ROWS" in /wordpress/wp-content/plugins/wp-migrate-db/class/Common/Sql/Table.php on line 272
[02-Nov-2024 21:19:54 UTC] PHP Warning:  Undefined array key "TABLE_NAME" in /wordpress/wp-content/plugins/wp-migrate-db/class/Common/Sql/Table.php on line 269
[02-Nov-2024 21:19:54 UTC] PHP Warning:  Undefined array key "TABLE_NAME" in /wordpress/wp-content/plugins/wp-migrate-db/class/Common/Sql/Table.php on line 272
[02-Nov-2024 21:19:54 UTC] PHP Warning:  Undefined array key "TABLE_ROWS" in /wordpress/wp-content/plugins/wp-migrate-db/class/Common/Sql/Table.php on line 272
[02-Nov-2024 21:19:54 UTC] PHP Warning:  Undefined array key "TABLE_NAME" in /wordpress/wp-content/plugins/wp-migrate-db/class/Common/Sql/Table.php on line 269
[02-Nov-2024 21:19:54 UTC] PHP Warning:  Undefined array key "TABLE_NAME" in /wordpress/wp-content/plugins/wp-migrate-db/class/Common/Sql/Table.php on line 272
[02-Nov-2024 21:19:54 UTC] PHP Warning:  Undefined array key "TABLE_ROWS" in /wordpress/wp-content/plugins/wp-migrate-db/class/Common/Sql/Table.php on line 272
[02-Nov-2024 21:19:54 UTC] PHP Warning:  Undefined array key "TABLE_NAME" in /wordpress/wp-content/plugins/wp-migrate-db/class/Common/Sql/Table.php on line 269
[02-Nov-2024 21:19:54 UTC] PHP Warning:  Undefined array key "TABLE_NAME" in /wordpress/wp-content/plugins/wp-migrate-db/class/Common/Sql/Table.php on line 272
[02-Nov-2024 21:19:54 UTC] PHP Warning:  Undefined array key "TABLE_ROWS" in /wordpress/wp-content/plugins/wp-migrate-db/class/Common/Sql/Table.php on line 272
